<?xml version="1.0" encoding="UTF-8"?>
<!-- Generated by org.testng.reporters.JUnitReportReporter -->
<testsuite skipped="1" hostname="LAPTOP-0BAH2TM9" name="com.ivorytech.basics.dartyTest0" tests="2" failures="0" timestamp="13 nov. 2019 09:12:22 GMT" time="4.607" errors="1">
  <testcase name="launchTest" time="0.000" classname="com.ivorytech.basics.dartyTest0">
    <skipped/>
  </testcase> <!-- launchTest -->
  <testcase name="setBrowserConfig" time="4.607" classname="com.ivorytech.basics.dartyTest0">
    <error type="org.openqa.selenium.SessionNotCreatedException" message="session not created: This version of ChromeDriver only supports Chrome version 75
Build info: version: &#039;3.141.59&#039;, revision: &#039;e82be7d358&#039;, time: &#039;2018-11-14T08:17:03&#039;
System info: host: &#039;LAPTOP-0BAH2TM9&#039;, ip: &#039;10.44.225.102&#039;, os.name: &#039;Windows 10&#039;, os.arch: &#039;amd64&#039;, os.version: &#039;10.0&#039;, java.version: &#039;1.8.0_221&#039;
Driver info: driver.version: ChromeDriver
remote stacktrace: Backtrace:
	Ordinal0 [0x00FB7DF3+1474035]
	Ordinal0 [0x00F307D1+919505]
	Ordinal0 [0x00ECCB43+510787]
	Ordinal0 [0x00E61B0F+72463]
	Ordinal0 [0x00E5E3F3+58355]
	Ordinal0 [0x00E80CE4+199908]
	Ordinal0 [0x00E8069D+198301]
	Ordinal0 [0x00E7EECB+192203]
	Ordinal0 [0x00E65FF6+90102]
	Ordinal0 [0x00E6765A+95834]
	Ordinal0 [0x00E67554+95572]
	GetHandleVerifier [0x0111231C+1249612]
	GetHandleVerifier [0x01061575+525221]
	GetHandleVerifier [0x01061310+524608]
	Ordinal0 [0x00FC5D28+1531176]
	GetHandleVerifier [0x01061D4A+527226]
	Ordinal0 [0x00F475F6+1013238]
	Ordinal0 [0x00F4746F+1012847]
	Ordinal0 [0x00F5365B+1062491]
	Ordinal0 [0x00F5379F+1062815]
	Ordinal0 [0x00F52745+1058629]
	BaseThreadInitThunk [0x77536359+25]
	RtlGetAppContainerNamedObjectPath [0x778A7B74+228]
	RtlGetAppContainerNamedObjectPath [0x778A7B44+180]
">
      <![CDATA[org.openqa.selenium.SessionNotCreatedException: session not created: This version of ChromeDriver only supports Chrome version 75
Build info: version: '3.141.59', revision: 'e82be7d358', time: '2018-11-14T08:17:03'
System info: host: 'LAPTOP-0BAH2TM9', ip: '10.44.225.102', os.name: 'Windows 10', os.arch: 'amd64', os.version: '10.0', java.version: '1.8.0_221'
Driver info: driver.version: ChromeDriver
remote stacktrace: Backtrace:
Ordinal0 [0x00FB7DF3+1474035]
Ordinal0 [0x00F307D1+919505]
Ordinal0 [0x00ECCB43+510787]
Ordinal0 [0x00E61B0F+72463]
Ordinal0 [0x00E5E3F3+58355]
Ordinal0 [0x00E80CE4+199908]
Ordinal0 [0x00E8069D+198301]
Ordinal0 [0x00E7EECB+192203]
Ordinal0 [0x00E65FF6+90102]
Ordinal0 [0x00E6765A+95834]
Ordinal0 [0x00E67554+95572]
GetHandleVerifier [0x0111231C+1249612]
GetHandleVerifier [0x01061575+525221]
GetHandleVerifier [0x01061310+524608]
Ordinal0 [0x00FC5D28+1531176]
GetHandleVerifier [0x01061D4A+527226]
Ordinal0 [0x00F475F6+1013238]
Ordinal0 [0x00F4746F+1012847]
Ordinal0 [0x00F5365B+1062491]
Ordinal0 [0x00F5379F+1062815]
Ordinal0 [0x00F52745+1058629]
BaseThreadInitThunk [0x77536359+25]
RtlGetAppContainerNamedObjectPath [0x778A7B74+228]
RtlGetAppContainerNamedObjectPath [0x778A7B44+180]

at sun.reflect.NativeConstructorAccessorImpl.newInstance0(Native Method)
at sun.reflect.NativeConstructorAccessorImpl.newInstance(NativeConstructorAccessorImpl.java:62)
at sun.reflect.DelegatingConstructorAccessorImpl.newInstance(DelegatingConstructorAccessorImpl.java:45)
at java.lang.reflect.Constructor.newInstance(Constructor.java:423)
at org.openqa.selenium.remote.W3CHandshakeResponse.lambda$errorHandler$0(W3CHandshakeResponse.java:62)
at org.openqa.selenium.remote.HandshakeResponse.lambda$getResponseFunction$0(HandshakeResponse.java:30)
at org.openqa.selenium.remote.ProtocolHandshake.lambda$createSession$0(ProtocolHandshake.java:126)
at java.util.stream.ReferencePipeline$3$1.accept(ReferencePipeline.java:193)
at java.util.Spliterators$ArraySpliterator.tryAdvance(Spliterators.java:958)
at java.util.stream.ReferencePipeline.forEachWithCancel(ReferencePipeline.java:126)
at java.util.stream.AbstractPipeline.copyIntoWithCancel(AbstractPipeline.java:499)
at java.util.stream.AbstractPipeline.copyInto(AbstractPipeline.java:486)
at java.util.stream.AbstractPipeline.wrapAndCopyInto(AbstractPipeline.java:472)
at java.util.stream.FindOps$FindOp.evaluateSequential(FindOps.java:152)
at java.util.stream.AbstractPipeline.evaluate(AbstractPipeline.java:234)
at java.util.stream.ReferencePipeline.findFirst(ReferencePipeline.java:464)
at org.openqa.selenium.remote.ProtocolHandshake.createSession(ProtocolHandshake.java:128)
at org.openqa.selenium.remote.ProtocolHandshake.createSession(ProtocolHandshake.java:74)
at org.openqa.selenium.remote.HttpCommandExecutor.execute(HttpCommandExecutor.java:136)
at org.openqa.selenium.remote.service.DriverCommandExecutor.execute(DriverCommandExecutor.java:83)
at org.openqa.selenium.remote.RemoteWebDriver.execute(RemoteWebDriver.java:552)
at org.openqa.selenium.remote.RemoteWebDriver.startSession(RemoteWebDriver.java:213)
at org.openqa.selenium.remote.RemoteWebDriver.<init>(RemoteWebDriver.java:131)
at org.openqa.selenium.chrome.ChromeDriver.<init>(ChromeDriver.java:181)
at org.openqa.selenium.chrome.ChromeDriver.<init>(ChromeDriver.java:168)
at org.openqa.selenium.chrome.ChromeDriver.<init>(ChromeDriver.java:123)
at com.ivorytech.basics.dartyTest0.setBrowserConfig(dartyTest0.java:40)
at sun.reflect.NativeMethodAccessorImpl.invoke0(Native Method)
at sun.reflect.NativeMethodAccessorImpl.invoke(NativeMethodAccessorImpl.java:62)
at sun.reflect.DelegatingMethodAccessorImpl.invoke(DelegatingMethodAccessorImpl.java:43)
at java.lang.reflect.Method.invoke(Method.java:498)
at org.testng.internal.MethodInvocationHelper.invokeMethod(MethodInvocationHelper.java:124)
at org.testng.internal.MethodInvocationHelper.invokeMethodConsideringTimeout(MethodInvocationHelper.java:59)
at org.testng.internal.Invoker.invokeConfigurationMethod(Invoker.java:458)
at org.testng.internal.Invoker.invokeConfigurations(Invoker.java:222)
at org.testng.internal.Invoker.invokeConfigurations(Invoker.java:142)
at org.testng.TestRunner.beforeRun(TestRunner.java:529)
at org.testng.TestRunner.run(TestRunner.java:497)
at org.testng.SuiteRunner.runTest(SuiteRunner.java:455)
at org.testng.SuiteRunner.runSequentially(SuiteRunner.java:450)
at org.testng.SuiteRunner.privateRun(SuiteRunner.java:415)
at org.testng.SuiteRunner.run(SuiteRunner.java:364)
at org.testng.SuiteRunnerWorker.runSuite(SuiteRunnerWorker.java:52)
at org.testng.SuiteRunnerWorker.run(SuiteRunnerWorker.java:84)
at org.testng.TestNG.runSuitesSequentially(TestNG.java:1208)
at org.testng.TestNG.runSuitesLocally(TestNG.java:1137)
at org.testng.TestNG.runSuites(TestNG.java:1049)
at org.testng.TestNG.run(TestNG.java:1017)
at org.testng.remote.AbstractRemoteTestNG.run(AbstractRemoteTestNG.java:115)
at org.testng.remote.RemoteTestNG.initAndRun(RemoteTestNG.java:251)
at org.testng.remote.RemoteTestNG.main(RemoteTestNG.java:77)
]]>
    </error>
  </testcase> <!-- setBrowserConfig -->
</testsuite> <!-- com.ivorytech.basics.dartyTest0 -->
